{"/Users/lucaserlacher/Desktop/Legacy Project/group_up_package_expo/App.tsx": {"path":"/Users/lucaserlacher/Desktop/Legacy Project/group_up_package_expo/App.tsx","statementMap":{"0":{"start":{"line":5,"column":12},"end":{"line":43,"column":1}},"1":{"start":{"line":7,"column":30},"end":{"line":7,"column":42}},"2":{"start":{"line":9,"column":2},"end":{"line":42,"column":4}},"3":{"start":{"line":45,"column":13},"end":{"line":56,"column":2}}},"fnMap":{"0":{"name":"(anonymous_0)","decl":{"start":{"line":5,"column":12},"end":{"line":5,"column":13}},"loc":{"start":{"line":5,"column":18},"end":{"line":43,"column":1}},"line":5}},"branchMap":{},"s":{"0":1,"1":1,"2":1,"3":1},"f":{"0":1},"b":{},"_coverageSchema":"1a1c01bbd47fc00a2c39e90264f33305004495a9","hash":"72c35f24e3b47a385466aa0d50ae061a073acca5"}
,"/Users/lucaserlacher/Desktop/Legacy Project/group_up_package_expo/components/Grouper.tsx": {"path":"/Users/lucaserlacher/Desktop/Legacy Project/group_up_package_expo/components/Grouper.tsx","statementMap":{"0":{"start":{"line":5,"column":16},"end":{"line":86,"column":1}},"1":{"start":{"line":8,"column":54},"end":{"line":8,"column":65}},"2":{"start":{"line":9,"column":54},"end":{"line":9,"column":67}},"3":{"start":{"line":10,"column":38},"end":{"line":10,"column":94}},"4":{"start":{"line":10,"column":90},"end":{"line":10,"column":92}},"5":{"start":{"line":11,"column":38},"end":{"line":11,"column":50}},"6":{"start":{"line":12,"column":44},"end":{"line":12,"column":93}},"7":{"start":{"line":13,"column":44},"end":{"line":13,"column":55}},"8":{"start":{"line":15,"column":2},"end":{"line":19,"column":30}},"9":{"start":{"line":16,"column":4},"end":{"line":18,"column":5}},"10":{"start":{"line":17,"column":6},"end":{"line":17,"column":59}},"11":{"start":{"line":17,"column":43},"end":{"line":17,"column":57}},"12":{"start":{"line":22,"column":17},"end":{"line":22,"column":34}},"13":{"start":{"line":23,"column":17},"end":{"line":23,"column":34}},"14":{"start":{"line":24,"column":17},"end":{"line":24,"column":34}},"15":{"start":{"line":25,"column":22},"end":{"line":25,"column":51}},"16":{"start":{"line":26,"column":22},"end":{"line":26,"column":51}},"17":{"start":{"line":27,"column":24},"end":{"line":27,"column":41}},"18":{"start":{"line":28,"column":25},"end":{"line":28,"column":43}},"19":{"start":{"line":30,"column":20},"end":{"line":32,"column":3}},"20":{"start":{"line":31,"column":4},"end":{"line":31,"column":50}},"21":{"start":{"line":31,"column":33},"end":{"line":31,"column":48}},"22":{"start":{"line":34,"column":22},"end":{"line":36,"column":3}},"23":{"start":{"line":35,"column":4},"end":{"line":35,"column":50}},"24":{"start":{"line":35,"column":33},"end":{"line":35,"column":48}},"25":{"start":{"line":38,"column":29},"end":{"line":40,"column":3}},"26":{"start":{"line":39,"column":4},"end":{"line":39,"column":29}},"27":{"start":{"line":42,"column":29},"end":{"line":44,"column":3}},"28":{"start":{"line":43,"column":4},"end":{"line":43,"column":29}},"29":{"start":{"line":46,"column":2},"end":{"line":85,"column":3}}},"fnMap":{"0":{"name":"(anonymous_0)","decl":{"start":{"line":5,"column":16},"end":{"line":5,"column":17}},"loc":{"start":{"line":5,"column":27},"end":{"line":86,"column":1}},"line":5},"1":{"name":"(anonymous_1)","decl":{"start":{"line":10,"column":84},"end":{"line":10,"column":85}},"loc":{"start":{"line":10,"column":90},"end":{"line":10,"column":92}},"line":10},"2":{"name":"(anonymous_2)","decl":{"start":{"line":15,"column":12},"end":{"line":15,"column":13}},"loc":{"start":{"line":15,"column":18},"end":{"line":19,"column":3}},"line":15},"3":{"name":"(anonymous_3)","decl":{"start":{"line":17,"column":37},"end":{"line":17,"column":38}},"loc":{"start":{"line":17,"column":43},"end":{"line":17,"column":57}},"line":17},"4":{"name":"(anonymous_4)","decl":{"start":{"line":30,"column":20},"end":{"line":30,"column":21}},"loc":{"start":{"line":30,"column":30},"end":{"line":32,"column":3}},"line":30},"5":{"name":"(anonymous_5)","decl":{"start":{"line":31,"column":18},"end":{"line":31,"column":19}},"loc":{"start":{"line":31,"column":33},"end":{"line":31,"column":48}},"line":31},"6":{"name":"(anonymous_6)","decl":{"start":{"line":34,"column":22},"end":{"line":34,"column":23}},"loc":{"start":{"line":34,"column":32},"end":{"line":36,"column":3}},"line":34},"7":{"name":"(anonymous_7)","decl":{"start":{"line":35,"column":18},"end":{"line":35,"column":19}},"loc":{"start":{"line":35,"column":33},"end":{"line":35,"column":48}},"line":35},"8":{"name":"(anonymous_8)","decl":{"start":{"line":38,"column":29},"end":{"line":38,"column":30}},"loc":{"start":{"line":38,"column":36},"end":{"line":40,"column":3}},"line":38},"9":{"name":"(anonymous_9)","decl":{"start":{"line":42,"column":29},"end":{"line":42,"column":30}},"loc":{"start":{"line":42,"column":36},"end":{"line":44,"column":3}},"line":42}},"branchMap":{"0":{"loc":{"start":{"line":16,"column":4},"end":{"line":18,"column":5}},"type":"if","locations":[{"start":{"line":16,"column":4},"end":{"line":18,"column":5}},{"start":{"line":16,"column":4},"end":{"line":18,"column":5}}],"line":16}},"s":{"0":1,"1":1,"2":1,"3":1,"4":2,"5":1,"6":1,"7":1,"8":1,"9":0,"10":0,"11":0,"12":1,"13":1,"14":1,"15":1,"16":1,"17":1,"18":1,"19":1,"20":0,"21":0,"22":1,"23":0,"24":0,"25":1,"26":0,"27":1,"28":0,"29":1},"f":{"0":1,"1":2,"2":0,"3":0,"4":0,"5":0,"6":0,"7":0,"8":0,"9":0},"b":{"0":[0,0]},"_coverageSchema":"1a1c01bbd47fc00a2c39e90264f33305004495a9","hash":"eab1fb7f1da6d9857b9cd353171c77c668704fac"}
,"/Users/lucaserlacher/Desktop/Legacy Project/group_up_package_expo/components/RenderItem.tsx": {"path":"/Users/lucaserlacher/Desktop/Legacy Project/group_up_package_expo/components/RenderItem.tsx","statementMap":{"0":{"start":{"line":8,"column":19},"end":{"line":20,"column":1}},"1":{"start":{"line":9,"column":19},"end":{"line":9,"column":24}},"2":{"start":{"line":11,"column":2},"end":{"line":14,"column":3}},"3":{"start":{"line":12,"column":4},"end":{"line":12,"column":120}},"4":{"start":{"line":12,"column":42},"end":{"line":12,"column":120}},"5":{"start":{"line":13,"column":4},"end":{"line":13,"column":120}},"6":{"start":{"line":13,"column":41},"end":{"line":13,"column":120}},"7":{"start":{"line":15,"column":2},"end":{"line":19,"column":3}}},"fnMap":{"0":{"name":"(anonymous_0)","decl":{"start":{"line":8,"column":19},"end":{"line":8,"column":20}},"loc":{"start":{"line":8,"column":35},"end":{"line":20,"column":1}},"line":8}},"branchMap":{"0":{"loc":{"start":{"line":11,"column":2},"end":{"line":14,"column":3}},"type":"if","locations":[{"start":{"line":11,"column":2},"end":{"line":14,"column":3}},{"start":{"line":11,"column":2},"end":{"line":14,"column":3}}],"line":11},"1":{"loc":{"start":{"line":12,"column":4},"end":{"line":12,"column":120}},"type":"if","locations":[{"start":{"line":12,"column":4},"end":{"line":12,"column":120}},{"start":{"line":12,"column":4},"end":{"line":12,"column":120}}],"line":12},"2":{"loc":{"start":{"line":13,"column":4},"end":{"line":13,"column":120}},"type":"if","locations":[{"start":{"line":13,"column":4},"end":{"line":13,"column":120}},{"start":{"line":13,"column":4},"end":{"line":13,"column":120}}],"line":13}},"s":{"0":3,"1":9,"2":9,"3":9,"4":5,"5":9,"6":4,"7":9},"f":{"0":9},"b":{"0":[9,0],"1":[5,4],"2":[4,5]},"_coverageSchema":"1a1c01bbd47fc00a2c39e90264f33305004495a9","hash":"54f4a3dbb31366fd1aeb0f60a1cb83ac74ad7d19"}
,"/Users/lucaserlacher/Desktop/Legacy Project/group_up_package_expo/components/SourceList.tsx": {"path":"/Users/lucaserlacher/Desktop/Legacy Project/group_up_package_expo/components/SourceList.tsx","statementMap":{"0":{"start":{"line":14,"column":19},"end":{"line":165,"column":1}},"1":{"start":{"line":29,"column":6},"end":{"line":29,"column":11}},"2":{"start":{"line":31,"column":38},"end":{"line":31,"column":58}},"3":{"start":{"line":32,"column":40},"end":{"line":32,"column":52}},"4":{"start":{"line":33,"column":30},"end":{"line":33,"column":44}},"5":{"start":{"line":35,"column":44},"end":{"line":35,"column":56}},"6":{"start":{"line":37,"column":26},"end":{"line":37,"column":64}},"7":{"start":{"line":38,"column":25},"end":{"line":38,"column":27}},"8":{"start":{"line":39,"column":21},"end":{"line":39,"column":22}},"9":{"start":{"line":40,"column":24},"end":{"line":40,"column":25}},"10":{"start":{"line":42,"column":23},"end":{"line":115,"column":11}},"11":{"start":{"line":45,"column":59},"end":{"line":45,"column":63}},"12":{"start":{"line":46,"column":66},"end":{"line":46,"column":70}},"13":{"start":{"line":47,"column":58},"end":{"line":47,"column":62}},"14":{"start":{"line":48,"column":65},"end":{"line":48,"column":69}},"15":{"start":{"line":51,"column":8},"end":{"line":51,"column":25}},"16":{"start":{"line":53,"column":8},"end":{"line":53,"column":111}},"17":{"start":{"line":54,"column":8},"end":{"line":54,"column":57}},"18":{"start":{"line":55,"column":8},"end":{"line":55,"column":51}},"19":{"start":{"line":56,"column":8},"end":{"line":56,"column":57}},"20":{"start":{"line":57,"column":8},"end":{"line":57,"column":51}},"21":{"start":{"line":59,"column":8},"end":{"line":59,"column":42}},"22":{"start":{"line":60,"column":8},"end":{"line":60,"column":53}},"23":{"start":{"line":62,"column":8},"end":{"line":68,"column":11}},"24":{"start":{"line":71,"column":8},"end":{"line":77,"column":11}},"25":{"start":{"line":79,"column":63},"end":{"line":79,"column":68}},"26":{"start":{"line":82,"column":27},"end":{"line":82,"column":55}},"27":{"start":{"line":84,"column":8},"end":{"line":102,"column":11}},"28":{"start":{"line":89,"column":10},"end":{"line":101,"column":13}},"29":{"start":{"line":97,"column":12},"end":{"line":97,"column":34}},"30":{"start":{"line":98,"column":12},"end":{"line":98,"column":28}},"31":{"start":{"line":99,"column":12},"end":{"line":99,"column":48}},"32":{"start":{"line":100,"column":12},"end":{"line":100,"column":48}},"33":{"start":{"line":104,"column":28},"end":{"line":104,"column":38}},"34":{"start":{"line":105,"column":8},"end":{"line":107,"column":9}},"35":{"start":{"line":106,"column":10},"end":{"line":106,"column":52}},"36":{"start":{"line":108,"column":8},"end":{"line":108,"column":37}},"37":{"start":{"line":109,"column":8},"end":{"line":109,"column":29}},"38":{"start":{"line":112,"column":8},"end":{"line":112,"column":20}},"39":{"start":{"line":121,"column":21},"end":{"line":129,"column":3}},"40":{"start":{"line":122,"column":4},"end":{"line":128,"column":5}},"41":{"start":{"line":131,"column":2},"end":{"line":164,"column":4}},"42":{"start":{"line":137,"column":10},"end":{"line":137,"column":40}},"43":{"start":{"line":139,"column":39},"end":{"line":139,"column":49}},"44":{"start":{"line":145,"column":23},"end":{"line":145,"column":67}},"45":{"start":{"line":147,"column":10},"end":{"line":147,"column":53}},"46":{"start":{"line":148,"column":10},"end":{"line":148,"column":51}}},"fnMap":{"0":{"name":"(anonymous_0)","decl":{"start":{"line":14,"column":19},"end":{"line":14,"column":20}},"loc":{"start":{"line":14,"column":35},"end":{"line":165,"column":1}},"line":14},"1":{"name":"(anonymous_1)","decl":{"start":{"line":45,"column":36},"end":{"line":45,"column":37}},"loc":{"start":{"line":45,"column":59},"end":{"line":45,"column":63}},"line":45},"2":{"name":"(anonymous_2)","decl":{"start":{"line":46,"column":43},"end":{"line":46,"column":44}},"loc":{"start":{"line":46,"column":66},"end":{"line":46,"column":70}},"line":46},"3":{"name":"(anonymous_3)","decl":{"start":{"line":47,"column":35},"end":{"line":47,"column":36}},"loc":{"start":{"line":47,"column":58},"end":{"line":47,"column":62}},"line":47},"4":{"name":"(anonymous_4)","decl":{"start":{"line":48,"column":42},"end":{"line":48,"column":43}},"loc":{"start":{"line":48,"column":65},"end":{"line":48,"column":69}},"line":48},"5":{"name":"(anonymous_5)","decl":{"start":{"line":50,"column":27},"end":{"line":50,"column":28}},"loc":{"start":{"line":50,"column":50},"end":{"line":69,"column":7}},"line":50},"6":{"name":"(anonymous_6)","decl":{"start":{"line":70,"column":26},"end":{"line":70,"column":27}},"loc":{"start":{"line":70,"column":49},"end":{"line":78,"column":7}},"line":70},"7":{"name":"(anonymous_7)","decl":{"start":{"line":79,"column":40},"end":{"line":79,"column":41}},"loc":{"start":{"line":79,"column":63},"end":{"line":79,"column":68}},"line":79},"8":{"name":"(anonymous_8)","decl":{"start":{"line":80,"column":29},"end":{"line":80,"column":30}},"loc":{"start":{"line":80,"column":52},"end":{"line":110,"column":7}},"line":80},"9":{"name":"(anonymous_9)","decl":{"start":{"line":88,"column":17},"end":{"line":88,"column":18}},"loc":{"start":{"line":88,"column":23},"end":{"line":102,"column":9}},"line":88},"10":{"name":"(anonymous_10)","decl":{"start":{"line":96,"column":19},"end":{"line":96,"column":20}},"loc":{"start":{"line":96,"column":25},"end":{"line":101,"column":11}},"line":96},"11":{"name":"(anonymous_11)","decl":{"start":{"line":111,"column":36},"end":{"line":111,"column":37}},"loc":{"start":{"line":111,"column":59},"end":{"line":113,"column":7}},"line":111},"12":{"name":"(anonymous_12)","decl":{"start":{"line":121,"column":21},"end":{"line":121,"column":22}},"loc":{"start":{"line":121,"column":38},"end":{"line":129,"column":3}},"line":121},"13":{"name":"(anonymous_13)","decl":{"start":{"line":136,"column":20},"end":{"line":136,"column":21}},"loc":{"start":{"line":136,"column":41},"end":{"line":138,"column":9}},"line":136},"14":{"name":"(anonymous_14)","decl":{"start":{"line":139,"column":22},"end":{"line":139,"column":23}},"loc":{"start":{"line":139,"column":39},"end":{"line":139,"column":49}},"line":139},"15":{"name":"(anonymous_15)","decl":{"start":{"line":145,"column":18},"end":{"line":145,"column":19}},"loc":{"start":{"line":145,"column":23},"end":{"line":145,"column":67}},"line":145},"16":{"name":"(anonymous_16)","decl":{"start":{"line":146,"column":18},"end":{"line":146,"column":19}},"loc":{"start":{"line":146,"column":25},"end":{"line":149,"column":9}},"line":146}},"branchMap":{"0":{"loc":{"start":{"line":105,"column":8},"end":{"line":107,"column":9}},"type":"if","locations":[{"start":{"line":105,"column":8},"end":{"line":107,"column":9}},{"start":{"line":105,"column":8},"end":{"line":107,"column":9}}],"line":105},"1":{"loc":{"start":{"line":152,"column":7},"end":{"line":162,"column":7}},"type":"binary-expr","locations":[{"start":{"line":152,"column":7},"end":{"line":152,"column":14}},{"start":{"line":153,"column":8},"end":{"line":161,"column":24}}],"line":152}},"s":{"0":2,"1":2,"2":2,"3":2,"4":2,"5":2,"6":2,"7":2,"8":2,"9":2,"10":2,"11":0,"12":0,"13":0,"14":0,"15":0,"16":0,"17":0,"18":0,"19":0,"20":0,"21":0,"22":0,"23":0,"24":0,"25":0,"26":0,"27":0,"28":0,"29":0,"30":0,"31":0,"32":0,"33":0,"34":0,"35":0,"36":0,"37":0,"38":0,"39":2,"40":5,"41":2,"42":5,"43":5,"44":0,"45":0,"46":0},"f":{"0":2,"1":0,"2":0,"3":0,"4":0,"5":0,"6":0,"7":0,"8":0,"9":0,"10":0,"11":0,"12":5,"13":5,"14":5,"15":0,"16":0},"b":{"0":[0,0],"1":[2,0]},"_coverageSchema":"1a1c01bbd47fc00a2c39e90264f33305004495a9","hash":"e8d15ee489e549c40b1327455595edc3e1ddb139"}
,"/Users/lucaserlacher/Desktop/Legacy Project/group_up_package_expo/components/TargetList.tsx": {"path":"/Users/lucaserlacher/Desktop/Legacy Project/group_up_package_expo/components/TargetList.tsx","statementMap":{"0":{"start":{"line":14,"column":19},"end":{"line":171,"column":1}},"1":{"start":{"line":30,"column":6},"end":{"line":30,"column":11}},"2":{"start":{"line":33,"column":38},"end":{"line":33,"column":58}},"3":{"start":{"line":35,"column":2},"end":{"line":39,"column":18}},"4":{"start":{"line":36,"column":4},"end":{"line":38,"column":5}},"5":{"start":{"line":37,"column":6},"end":{"line":37,"column":32}},"6":{"start":{"line":41,"column":40},"end":{"line":41,"column":52}},"7":{"start":{"line":42,"column":30},"end":{"line":42,"column":44}},"8":{"start":{"line":44,"column":26},"end":{"line":44,"column":64}},"9":{"start":{"line":45,"column":25},"end":{"line":45,"column":27}},"10":{"start":{"line":46,"column":21},"end":{"line":46,"column":22}},"11":{"start":{"line":47,"column":24},"end":{"line":47,"column":25}},"12":{"start":{"line":49,"column":29},"end":{"line":116,"column":11}},"13":{"start":{"line":52,"column":59},"end":{"line":52,"column":63}},"14":{"start":{"line":53,"column":66},"end":{"line":53,"column":70}},"15":{"start":{"line":54,"column":58},"end":{"line":54,"column":62}},"16":{"start":{"line":55,"column":65},"end":{"line":55,"column":69}},"17":{"start":{"line":58,"column":8},"end":{"line":58,"column":25}},"18":{"start":{"line":59,"column":8},"end":{"line":59,"column":111}},"19":{"start":{"line":60,"column":8},"end":{"line":60,"column":53}},"20":{"start":{"line":62,"column":8},"end":{"line":68,"column":11}},"21":{"start":{"line":71,"column":8},"end":{"line":77,"column":11}},"22":{"start":{"line":79,"column":63},"end":{"line":79,"column":68}},"23":{"start":{"line":82,"column":31},"end":{"line":82,"column":59}},"24":{"start":{"line":84,"column":8},"end":{"line":102,"column":11}},"25":{"start":{"line":89,"column":10},"end":{"line":101,"column":13}},"26":{"start":{"line":97,"column":12},"end":{"line":97,"column":40}},"27":{"start":{"line":98,"column":12},"end":{"line":98,"column":28}},"28":{"start":{"line":99,"column":12},"end":{"line":99,"column":48}},"29":{"start":{"line":100,"column":12},"end":{"line":100,"column":48}},"30":{"start":{"line":104,"column":28},"end":{"line":104,"column":38}},"31":{"start":{"line":105,"column":8},"end":{"line":107,"column":9}},"32":{"start":{"line":106,"column":10},"end":{"line":106,"column":52}},"33":{"start":{"line":108,"column":8},"end":{"line":108,"column":37}},"34":{"start":{"line":110,"column":8},"end":{"line":110,"column":42}},"35":{"start":{"line":113,"column":8},"end":{"line":113,"column":20}},"36":{"start":{"line":118,"column":21},"end":{"line":126,"column":3}},"37":{"start":{"line":119,"column":4},"end":{"line":125,"column":5}},"38":{"start":{"line":127,"column":2},"end":{"line":170,"column":4}},"39":{"start":{"line":148,"column":10},"end":{"line":148,"column":41}},"40":{"start":{"line":150,"column":39},"end":{"line":150,"column":49}},"41":{"start":{"line":153,"column":10},"end":{"line":153,"column":53}},"42":{"start":{"line":154,"column":10},"end":{"line":154,"column":51}}},"fnMap":{"0":{"name":"(anonymous_0)","decl":{"start":{"line":14,"column":19},"end":{"line":14,"column":20}},"loc":{"start":{"line":14,"column":35},"end":{"line":171,"column":1}},"line":14},"1":{"name":"(anonymous_1)","decl":{"start":{"line":35,"column":12},"end":{"line":35,"column":13}},"loc":{"start":{"line":35,"column":18},"end":{"line":39,"column":3}},"line":35},"2":{"name":"(anonymous_2)","decl":{"start":{"line":52,"column":36},"end":{"line":52,"column":37}},"loc":{"start":{"line":52,"column":59},"end":{"line":52,"column":63}},"line":52},"3":{"name":"(anonymous_3)","decl":{"start":{"line":53,"column":43},"end":{"line":53,"column":44}},"loc":{"start":{"line":53,"column":66},"end":{"line":53,"column":70}},"line":53},"4":{"name":"(anonymous_4)","decl":{"start":{"line":54,"column":35},"end":{"line":54,"column":36}},"loc":{"start":{"line":54,"column":58},"end":{"line":54,"column":62}},"line":54},"5":{"name":"(anonymous_5)","decl":{"start":{"line":55,"column":42},"end":{"line":55,"column":43}},"loc":{"start":{"line":55,"column":65},"end":{"line":55,"column":69}},"line":55},"6":{"name":"(anonymous_6)","decl":{"start":{"line":57,"column":27},"end":{"line":57,"column":28}},"loc":{"start":{"line":57,"column":50},"end":{"line":69,"column":7}},"line":57},"7":{"name":"(anonymous_7)","decl":{"start":{"line":70,"column":26},"end":{"line":70,"column":27}},"loc":{"start":{"line":70,"column":49},"end":{"line":78,"column":7}},"line":70},"8":{"name":"(anonymous_8)","decl":{"start":{"line":79,"column":40},"end":{"line":79,"column":41}},"loc":{"start":{"line":79,"column":63},"end":{"line":79,"column":68}},"line":79},"9":{"name":"(anonymous_9)","decl":{"start":{"line":80,"column":29},"end":{"line":80,"column":30}},"loc":{"start":{"line":80,"column":52},"end":{"line":111,"column":7}},"line":80},"10":{"name":"(anonymous_10)","decl":{"start":{"line":88,"column":17},"end":{"line":88,"column":18}},"loc":{"start":{"line":88,"column":23},"end":{"line":102,"column":9}},"line":88},"11":{"name":"(anonymous_11)","decl":{"start":{"line":96,"column":19},"end":{"line":96,"column":20}},"loc":{"start":{"line":96,"column":25},"end":{"line":101,"column":11}},"line":96},"12":{"name":"(anonymous_12)","decl":{"start":{"line":112,"column":36},"end":{"line":112,"column":37}},"loc":{"start":{"line":112,"column":59},"end":{"line":114,"column":7}},"line":112},"13":{"name":"(anonymous_13)","decl":{"start":{"line":118,"column":21},"end":{"line":118,"column":22}},"loc":{"start":{"line":118,"column":31},"end":{"line":126,"column":3}},"line":118},"14":{"name":"(anonymous_14)","decl":{"start":{"line":147,"column":20},"end":{"line":147,"column":21}},"loc":{"start":{"line":147,"column":41},"end":{"line":149,"column":9}},"line":147},"15":{"name":"(anonymous_15)","decl":{"start":{"line":150,"column":22},"end":{"line":150,"column":23}},"loc":{"start":{"line":150,"column":39},"end":{"line":150,"column":49}},"line":150},"16":{"name":"(anonymous_16)","decl":{"start":{"line":152,"column":18},"end":{"line":152,"column":19}},"loc":{"start":{"line":152,"column":25},"end":{"line":155,"column":9}},"line":152}},"branchMap":{"0":{"loc":{"start":{"line":36,"column":4},"end":{"line":38,"column":5}},"type":"if","locations":[{"start":{"line":36,"column":4},"end":{"line":38,"column":5}},{"start":{"line":36,"column":4},"end":{"line":38,"column":5}}],"line":36},"1":{"loc":{"start":{"line":105,"column":8},"end":{"line":107,"column":9}},"type":"if","locations":[{"start":{"line":105,"column":8},"end":{"line":107,"column":9}},{"start":{"line":105,"column":8},"end":{"line":107,"column":9}}],"line":105},"2":{"loc":{"start":{"line":158,"column":7},"end":{"line":168,"column":7}},"type":"binary-expr","locations":[{"start":{"line":158,"column":7},"end":{"line":158,"column":14}},{"start":{"line":159,"column":8},"end":{"line":167,"column":24}}],"line":158}},"s":{"0":1,"1":1,"2":1,"3":1,"4":0,"5":0,"6":1,"7":1,"8":1,"9":1,"10":1,"11":1,"12":1,"13":0,"14":0,"15":0,"16":0,"17":0,"18":0,"19":0,"20":0,"21":0,"22":0,"23":0,"24":0,"25":0,"26":0,"27":0,"28":0,"29":0,"30":0,"31":0,"32":0,"33":0,"34":0,"35":0,"36":1,"37":0,"38":1,"39":0,"40":0,"41":0,"42":0},"f":{"0":1,"1":0,"2":0,"3":0,"4":0,"5":0,"6":0,"7":0,"8":0,"9":0,"10":0,"11":0,"12":0,"13":0,"14":0,"15":0,"16":0},"b":{"0":[0,0],"1":[0,0],"2":[1,0]},"_coverageSchema":"1a1c01bbd47fc00a2c39e90264f33305004495a9","hash":"9df8a2d2f5537bbd1e88a8f0157a021708918fad"}
,"/Users/lucaserlacher/Desktop/Legacy Project/group_up_package_expo/utils/helperFunctions.tsx": {"path":"/Users/lucaserlacher/Desktop/Legacy Project/group_up_package_expo/utils/helperFunctions.tsx","statementMap":{"0":{"start":{"line":1,"column":20},"end":{"line":59,"column":1}},"1":{"start":{"line":4,"column":14},"end":{"line":4,"column":21}},"2":{"start":{"line":5,"column":25},"end":{"line":5,"column":32}},"3":{"start":{"line":6,"column":28},"end":{"line":6,"column":35}},"4":{"start":{"line":7,"column":26},"end":{"line":7,"column":33}},"5":{"start":{"line":8,"column":4},"end":{"line":8,"column":76}}},"fnMap":{"0":{"name":"(anonymous_0)","decl":{"start":{"line":3,"column":12},"end":{"line":3,"column":13}},"loc":{"start":{"line":3,"column":30},"end":{"line":9,"column":3}},"line":3}},"branchMap":{},"s":{"0":3,"1":2,"2":2,"3":2,"4":2,"5":2},"f":{"0":2},"b":{},"_coverageSchema":"1a1c01bbd47fc00a2c39e90264f33305004495a9","hash":"850b16d1fb55bf7d4019d5db1c7d9fac0c170f63"}
}
