TN:
SF:App.tsx
FN:5,(anonymous_0)
FNF:1
FNH:1
FNDA:1,(anonymous_0)
DA:5,1
DA:7,1
DA:9,1
DA:45,1
LF:4
LH:4
BRF:0
BRH:0
end_of_record
TN:
SF:components/Grouper.tsx
FN:5,(anonymous_0)
FN:10,(anonymous_1)
FN:15,(anonymous_2)
FN:17,(anonymous_3)
FN:30,(anonymous_4)
FN:31,(anonymous_5)
FN:34,(anonymous_6)
FN:35,(anonymous_7)
FN:38,(anonymous_8)
FN:42,(anonymous_9)
FNF:10
FNH:2
FNDA:1,(anonymous_0)
FNDA:2,(anonymous_1)
FNDA:0,(anonymous_2)
FNDA:0,(anonymous_3)
FNDA:0,(anonymous_4)
FNDA:0,(anonymous_5)
FNDA:0,(anonymous_6)
FNDA:0,(anonymous_7)
FNDA:0,(anonymous_8)
FNDA:0,(anonymous_9)
DA:5,1
DA:8,1
DA:9,1
DA:10,2
DA:11,1
DA:12,1
DA:13,1
DA:15,1
DA:16,0
DA:17,0
DA:22,1
DA:23,1
DA:24,1
DA:25,1
DA:26,1
DA:27,1
DA:28,1
DA:30,1
DA:31,0
DA:34,1
DA:35,0
DA:38,1
DA:39,0
DA:42,1
DA:43,0
DA:46,1
LF:26
LH:20
BRDA:16,0,0,0
BRDA:16,0,1,0
BRF:2
BRH:0
end_of_record
TN:
SF:components/RenderItem.tsx
FN:8,(anonymous_0)
FNF:1
FNH:1
FNDA:9,(anonymous_0)
DA:8,3
DA:9,9
DA:11,9
DA:12,9
DA:13,9
DA:15,9
LF:6
LH:6
BRDA:11,0,0,9
BRDA:11,0,1,0
BRDA:12,1,0,5
BRDA:12,1,1,4
BRDA:13,2,0,4
BRDA:13,2,1,5
BRF:6
BRH:5
end_of_record
TN:
SF:components/SourceList.tsx
FN:14,(anonymous_0)
FN:45,(anonymous_1)
FN:46,(anonymous_2)
FN:47,(anonymous_3)
FN:48,(anonymous_4)
FN:50,(anonymous_5)
FN:70,(anonymous_6)
FN:79,(anonymous_7)
FN:80,(anonymous_8)
FN:88,(anonymous_9)
FN:96,(anonymous_10)
FN:111,(anonymous_11)
FN:121,(anonymous_12)
FN:136,(anonymous_13)
FN:139,(anonymous_14)
FN:145,(anonymous_15)
FN:146,(anonymous_16)
FNF:17
FNH:4
FNDA:2,(anonymous_0)
FNDA:0,(anonymous_1)
FNDA:0,(anonymous_2)
FNDA:0,(anonymous_3)
FNDA:0,(anonymous_4)
FNDA:0,(anonymous_5)
FNDA:0,(anonymous_6)
FNDA:0,(anonymous_7)
FNDA:0,(anonymous_8)
FNDA:0,(anonymous_9)
FNDA:0,(anonymous_10)
FNDA:0,(anonymous_11)
FNDA:5,(anonymous_12)
FNDA:5,(anonymous_13)
FNDA:5,(anonymous_14)
FNDA:0,(anonymous_15)
FNDA:0,(anonymous_16)
DA:14,2
DA:29,2
DA:31,2
DA:32,2
DA:33,2
DA:35,2
DA:37,2
DA:38,2
DA:39,2
DA:40,2
DA:42,2
DA:45,0
DA:46,0
DA:47,0
DA:48,0
DA:51,0
DA:53,0
DA:54,0
DA:55,0
DA:56,0
DA:57,0
DA:59,0
DA:60,0
DA:62,0
DA:71,0
DA:79,0
DA:82,0
DA:84,0
DA:89,0
DA:97,0
DA:98,0
DA:99,0
DA:100,0
DA:104,0
DA:105,0
DA:106,0
DA:108,0
DA:109,0
DA:112,0
DA:121,2
DA:122,5
DA:131,2
DA:137,5
DA:139,5
DA:145,0
DA:147,0
DA:148,0
LF:47
LH:16
BRDA:105,0,0,0
BRDA:105,0,1,0
BRDA:152,1,0,2
BRDA:152,1,1,0
BRF:4
BRH:1
end_of_record
TN:
SF:components/TargetList.tsx
FN:14,(anonymous_0)
FN:35,(anonymous_1)
FN:52,(anonymous_2)
FN:53,(anonymous_3)
FN:54,(anonymous_4)
FN:55,(anonymous_5)
FN:57,(anonymous_6)
FN:70,(anonymous_7)
FN:79,(anonymous_8)
FN:80,(anonymous_9)
FN:88,(anonymous_10)
FN:96,(anonymous_11)
FN:112,(anonymous_12)
FN:118,(anonymous_13)
FN:147,(anonymous_14)
FN:150,(anonymous_15)
FN:152,(anonymous_16)
FNF:17
FNH:1
FNDA:1,(anonymous_0)
FNDA:0,(anonymous_1)
FNDA:0,(anonymous_2)
FNDA:0,(anonymous_3)
FNDA:0,(anonymous_4)
FNDA:0,(anonymous_5)
FNDA:0,(anonymous_6)
FNDA:0,(anonymous_7)
FNDA:0,(anonymous_8)
FNDA:0,(anonymous_9)
FNDA:0,(anonymous_10)
FNDA:0,(anonymous_11)
FNDA:0,(anonymous_12)
FNDA:0,(anonymous_13)
FNDA:0,(anonymous_14)
FNDA:0,(anonymous_15)
FNDA:0,(anonymous_16)
DA:14,1
DA:30,1
DA:33,1
DA:35,1
DA:36,0
DA:37,0
DA:41,1
DA:42,1
DA:44,1
DA:45,1
DA:46,1
DA:47,1
DA:49,1
DA:52,0
DA:53,0
DA:54,0
DA:55,0
DA:58,0
DA:59,0
DA:60,0
DA:62,0
DA:71,0
DA:79,0
DA:82,0
DA:84,0
DA:89,0
DA:97,0
DA:98,0
DA:99,0
DA:100,0
DA:104,0
DA:105,0
DA:106,0
DA:108,0
DA:110,0
DA:113,0
DA:118,1
DA:119,0
DA:127,1
DA:148,0
DA:150,0
DA:153,0
DA:154,0
LF:43
LH:13
BRDA:36,0,0,0
BRDA:36,0,1,0
BRDA:105,1,0,0
BRDA:105,1,1,0
BRDA:158,2,0,1
BRDA:158,2,1,0
BRF:6
BRH:1
end_of_record
TN:
SF:utils/helperFunctions.tsx
FN:3,(anonymous_0)
FNF:1
FNH:1
FNDA:2,(anonymous_0)
DA:1,3
DA:4,2
DA:5,2
DA:6,2
DA:7,2
DA:8,2
LF:6
LH:6
BRF:0
BRH:0
end_of_record
